<?xml version="1.0" encoding="utf-8" standalone="no"?>
<!--This file represents the results of running a test suite-->
<test-results name="C:\Users\thomas\Documents\Visual Studio 2008\Projects\PensioMoto\PensioMoto.nunit" total="1" errors="0" failures="0" not-run="0" inconclusive="0" ignored="0" skipped="0" invalid="0" date="2009-12-04" time="13:53:41">
  <environment nunit-version="2.5.2.9222" clr-version="2.0.50727.4927" os-version="Microsoft Windows NT 6.1.7600.0" platform="Win32NT" cwd="C:\Program Files\NUnit-2.5.2.9222\bin\net-2.0" machine-name="THOMAS-PC" user="thomas" user-domain="thomas-PC" />
  <culture-info current-culture="da-DK" current-uiculture="en-US" />
  <test-suite name="C:\Users\thomas\Documents\Visual Studio 2008\Projects\PensioMoto\PensioMoto.nunit" executed="True" success="True" time="0.060" asserts="0">
    <results>
      <test-suite name="C:\Users\thomas\Documents\Visual Studio 2008\Projects\PensioMoto\PensioMoto.Tests\bin\Release\PensioMoto.Tests.dll" executed="True" success="True" time="0.060" asserts="0">
        <results>
          <test-suite name="PensioMoto" executed="True" success="True" time="0.060" asserts="0">
            <results>
              <test-suite name="Tests" executed="True" success="True" time="0.060" asserts="0">
                <results>
                  <test-suite name="Class1Tests" executed="True" success="True" time="0.030" asserts="0">
                    <results>
                      <test-case name="PensioMoto.Tests.Class1Tests.test1" executed="True" success="True" time="0.015" asserts="1" />
                    </results>
                  </test-suite>
                </results>
              </test-suite>
            </results>
          </test-suite>
        </results>
      </test-suite>
    </results>
  </test-suite>
</test-results>